2026-04-13T14:22:01.112-05:00  INFO 15240 --- [tech-cup] [main] e.eci.dosw.tech_cup.TechCupApplication   : Starting TechCupApplication using Java 21.0.9 with PID 15240 (C:\Users\diego\Techcup_Futbol\Dosw-Project1\target\classes started by diego in C:\Users\diego\Techcup_Futbol\Dosw-Project1)
2026-04-13T14:22:01.138-05:00  INFO 15240 --- [tech-cup] [main] e.eci.dosw.tech_cup.TechCupApplication   : No active profile set, falling back to 1 default profile: "default"
2026-04-13T14:22:02.845-05:00  INFO 15240 --- [tech-cup] [main] .s.d.r.c.RepositoryConfigurationDelegate : Bootstrapping Spring Data JPA repositories in DEFAULT mode.
2026-04-13T14:22:02.987-05:00  INFO 15240 --- [tech-cup] [main] .s.d.r.c.RepositoryConfigurationDelegate : Finished Spring Data repository scanning in 135 ms. Found 7 JPA repository interfaces.
2026-04-13T14:22:04.201-05:00  INFO 15240 --- [tech-cup] [main] o.s.b.w.embedded.tomcat.TomcatWebServer  : Tomcat initialized with port 8080 (http)
2026-04-13T14:22:04.248-05:00  INFO 15240 --- [tech-cup] [main] o.apache.catalina.core.StandardService   : Starting service [Tomcat]
2026-04-13T14:22:04.249-05:00  INFO 15240 --- [tech-cup] [main] o.apache.catalina.core.StandardEngine    : Starting Servlet engine: [Apache Tomcat/10.1.19]
2026-04-13T14:22:04.465-05:00  INFO 15240 --- [tech-cup] [main] o.a.c.c.C.[Tomcat].[localhost].[/]       : Initializing Spring embedded WebApplicationContext
2026-04-13T14:22:04.466-05:00  INFO 15240 --- [tech-cup] [main] w.s.c.ServletWebServerApplicationContext : Root WebApplicationContext: initialization completed in 3120 ms
2026-04-13T14:22:04.812-05:00  INFO 15240 --- [tech-cup] [main] o.hibernate.jpa.internal.util.LogHelper  : HHH000204: Processing PersistenceUnitInfo [name: default]
2026-04-13T14:22:05.045-05:00  INFO 15240 --- [tech-cup] [main] org.hibernate.Version                    : HHH000412: Hibernate ORM core version 6.4.4.Final
2026-04-13T14:22:05.198-05:00  INFO 15240 --- [tech-cup] [main] o.h.c.internal.RegionFactoryInitiator    : HHH000026: Second-level cache disabled
2026-04-13T14:22:05.982-05:00  INFO 15240 --- [tech-cup] [main] o.s.o.j.p.SpringPersistenceUnitInfo      : No LoadTimeWeaver setup: ignoring JPA class transformer
2026-04-13T14:22:06.031-05:00  INFO 15240 --- [tech-cup] [main] com.zaxxer.hikari.HikariDataSource       : HikariPool-1 - Starting...
2026-04-13T14:22:06.412-05:00  INFO 15240 --- [tech-cup] [main] com.zaxxer.hikari.HikariDataSource       : HikariPool-1 - Start completed.
2026-04-13T14:22:07.105-05:00  INFO 15240 --- [tech-cup] [main] o.h.e.t.j.p.i.JtaPlatformInitiator       : HHH000489: No JTA platform available (set 'hibernate.transaction.jta.platform' to enable JTA platform integration)
2026-04-13T14:22:07.432-05:00  INFO 15240 --- [tech-cup] [main] j.LocalContainerEntityManagerFactoryBean : Initialized JPA EntityManagerFactory for persistence unit 'default'
2026-04-13T14:22:08.125-05:00  INFO 15240 --- [tech-cup] [main] e.e.d.tech_cup.service.AuthService       : Roles por defecto (ADMIN, PLAYER) creados en BD.
2026-04-13T14:22:08.298-05:00  INFO 15240 --- [tech-cup] [main] e.e.d.tech_cup.service.AuthService       : Usuarios insertados exitosamente.
2026-04-13T14:22:08.845-05:00  INFO 15240 --- [tech-cup] [main] o.s.b.w.embedded.tomcat.TomcatWebServer  : Tomcat started on port 8080 (http) with context path '/'
2026-04-13T14:22:08.872-05:00  INFO 15240 --- [tech-cup] [main] e.eci.dosw.tech_cup.TechCupApplication   : Started TechCupApplication in 7.98 seconds (process running for 8.65)

2026-04-13T14:23:15.201-05:00  INFO 15240 --- [tech-cup] [http-nio-8080-exec-1] o.a.c.c.C.[Tomcat].[localhost].[/]       : Initializing Spring DispatcherServlet 'dispatcherServlet'
2026-04-13T14:23:15.202-05:00  INFO 15240 --- [tech-cup] [http-nio-8080-exec-1] o.s.web.servlet.DispatcherServlet        : Initializing Servlet 'dispatcherServlet'
2026-04-13T14:23:15.204-05:00  INFO 15240 --- [tech-cup] [http-nio-8080-exec-1] o.s.web.servlet.DispatcherServlet        : Completed initialization in 2 ms

2026-04-13T14:23:15.310-05:00  INFO 15240 --- [tech-cup] [http-nio-8080-exec-1] e.e.d.t.controller.AuthController       : Intento de login JWT para usuario: admin@mail.escuelaing.edu.co
2026-04-13T14:23:15.425-05:00  INFO 15240 --- [tech-cup] [http-nio-8080-exec-1] e.e.d.tech_cup.service.UserService      : Usuario encontrado: admin@mail.escuelaing.edu.co con rol: ADMIN
2026-04-13T14:23:15.612-05:00  INFO 15240 --- [tech-cup] [http-nio-8080-exec-1] e.e.d.t.controller.AuthController       : Autenticación exitosa para: admin@mail.escuelaing.edu.co
2026-04-13T14:23:15.618-05:00  INFO 15240 --- [tech-cup] [http-nio-8080-exec-1] e.e.d.t.controller.AuthController       : Token JWT generado exitosamente para: admin@mail.escuelaing.edu.co

2026-04-13T14:24:02.105-05:00  INFO 15240 --- [tech-cup] [http-nio-8080-exec-2] e.e.d.t.security.JwtAuthenticationFilter : Usuario 'admin@mail.escuelaing.edu.co' autenticado exitosamente via JWT para: GET /api/users
2026-04-13T14:24:02.112-05:00  INFO 15240 --- [tech-cup] [http-nio-8080-exec-2] e.e.d.tech_cup.service.UserService      : Consultando todos los usuarios
2026-04-13T14:24:02.198-05:00  INFO 15240 --- [tech-cup] [http-nio-8080-exec-2] e.e.d.tech_cup.service.UserService      : Se encontraron 2 usuarios

2026-04-13T14:24:35.410-05:00  INFO 15240 --- [tech-cup] [http-nio-8080-exec-3] e.e.d.t.security.JwtAuthenticationFilter : Usuario 'admin@mail.escuelaing.edu.co' autenticado exitosamente via JWT para: POST /api/users
2026-04-13T14:24:35.418-05:00  INFO 15240 --- [tech-cup] [http-nio-8080-exec-3] e.e.d.tech_cup.service.UserService      : Creando nuevo usuario con email: nuevo@mail.escuelaing.edu.co
2026-04-13T14:24:35.512-05:00  INFO 15240 --- [tech-cup] [http-nio-8080-exec-3] e.e.d.tech_cup.service.UserService      : Usuario creado exitosamente con ID: 3 y rol: PLAYER

2026-04-13T14:25:10.305-05:00  INFO 15240 --- [tech-cup] [http-nio-8080-exec-4] e.e.d.t.security.JwtAuthenticationFilter : Usuario 'admin@mail.escuelaing.edu.co' autenticado exitosamente via JWT para: PUT /api/users/3/role
2026-04-13T14:25:10.312-05:00  INFO 15240 --- [tech-cup] [http-nio-8080-exec-4] e.e.d.tech_cup.service.UserService      : Asignando rol ADMIN al usuario con ID: 3
2026-04-13T14:25:10.398-05:00  INFO 15240 --- [tech-cup] [http-nio-8080-exec-4] e.e.d.tech_cup.service.UserService      : Rol ADMIN asignado exitosamente al usuario con ID: 3

2026-04-13T14:26:01.112-05:00  INFO 15240 --- [tech-cup] [http-nio-8080-exec-5] e.e.d.t.security.JwtAuthenticationFilter : Usuario 'admin@mail.escuelaing.edu.co' autenticado exitosamente via JWT para: POST /api/tournaments
2026-04-13T14:26:01.120-05:00  INFO 15240 --- [tech-cup] [http-nio-8080-exec-5] e.e.d.t.service.TournamentService       : Creando nuevo torneo: TechCup Futbol 2026
2026-04-13T14:26:01.215-05:00  INFO 15240 --- [tech-cup] [http-nio-8080-exec-5] e.e.d.t.service.TournamentService       : Torneo creado exitosamente con ID: 1 y estado: DRAFT

2026-04-13T14:26:30.205-05:00  INFO 15240 --- [tech-cup] [http-nio-8080-exec-6] e.e.d.t.security.JwtAuthenticationFilter : Usuario 'admin@mail.escuelaing.edu.co' autenticado exitosamente via JWT para: GET /api/tournaments
2026-04-13T14:26:30.210-05:00  INFO 15240 --- [tech-cup] [http-nio-8080-exec-6] e.e.d.t.service.TournamentService       : Consultando todos los torneos
2026-04-13T14:26:30.285-05:00  INFO 15240 --- [tech-cup] [http-nio-8080-exec-6] e.e.d.t.service.TournamentService       : Se encontraron 1 torneos

2026-04-13T14:27:05.115-05:00  INFO 15240 --- [tech-cup] [http-nio-8080-exec-7] e.e.d.t.controller.AuthController       : Intento de login JWT para usuario: jugador@mail.escuelaing.edu.co
2026-04-13T14:27:05.198-05:00  INFO 15240 --- [tech-cup] [http-nio-8080-exec-7] e.e.d.tech_cup.service.UserService      : Usuario encontrado: jugador@mail.escuelaing.edu.co con rol: PLAYER
2026-04-13T14:27:05.312-05:00  INFO 15240 --- [tech-cup] [http-nio-8080-exec-7] e.e.d.t.controller.AuthController       : Autenticación exitosa para: jugador@mail.escuelaing.edu.co
2026-04-13T14:27:05.318-05:00  INFO 15240 --- [tech-cup] [http-nio-8080-exec-7] e.e.d.t.controller.AuthController       : Token JWT generado exitosamente para: jugador@mail.escuelaing.edu.co

2026-04-13T14:27:45.205-05:00  INFO 15240 --- [tech-cup] [http-nio-8080-exec-8] e.e.d.t.security.JwtAuthenticationFilter : Usuario 'jugador@mail.escuelaing.edu.co' autenticado exitosamente via JWT para: GET /api/tournaments
2026-04-13T14:27:45.210-05:00  INFO 15240 --- [tech-cup] [http-nio-8080-exec-8] e.e.d.t.service.TournamentService       : Consultando todos los torneos
2026-04-13T14:27:45.278-05:00  INFO 15240 --- [tech-cup] [http-nio-8080-exec-8] e.e.d.t.service.TournamentService       : Se encontraron 1 torneos

2026-04-13T14:28:12.305-05:00  INFO 15240 --- [tech-cup] [http-nio-8080-exec-9] e.e.d.t.security.JwtAuthenticationFilter : Usuario 'admin@mail.escuelaing.edu.co' autenticado exitosamente via JWT para: PUT /api/tournaments/1
2026-04-13T14:28:12.312-05:00  INFO 15240 --- [tech-cup] [http-nio-8080-exec-9] e.e.d.t.service.TournamentService       : Actualizando torneo con ID: 1
2026-04-13T14:28:12.398-05:00  INFO 15240 --- [tech-cup] [http-nio-8080-exec-9] e.e.d.t.service.TournamentService       : Torneo con ID 1 actualizado exitosamente

2026-04-13T14:29:01.105-05:00  INFO 15240 --- [tech-cup] [http-nio-8080-exec-10] e.e.d.t.security.JwtAuthenticationFilter : Usuario 'admin@mail.escuelaing.edu.co' autenticado exitosamente via JWT para: DELETE /api/tournaments/1
2026-04-13T14:29:01.110-05:00  INFO 15240 --- [tech-cup] [http-nio-8080-exec-10] e.e.d.t.service.TournamentService       : Eliminando torneo con ID: 1
2026-04-13T14:29:01.198-05:00  INFO 15240 --- [tech-cup] [http-nio-8080-exec-10] e.e.d.t.service.TournamentService       : Torneo con ID 1 eliminado exitosamente

2026-04-13T14:30:15.112-05:00  WARN 15240 --- [tech-cup] [http-nio-8080-exec-1] e.e.d.tech_cup.service.AuthService      : Login fallido para: hacker@gmail.com
2026-04-13T14:30:45.205-05:00 ERROR 15240 --- [tech-cup] [http-nio-8080-exec-2] e.e.d.tech_cup.service.UserService      : Usuario con ID 999 no encontrado
2026-04-13T14:31:10.305-05:00  WARN 15240 --- [tech-cup] [http-nio-8080-exec-3] e.e.d.t.service.TournamentService       : Intento de eliminar torneo con estado ACTIVE (solo DRAFT permitido), ID: 2
